[17:34:11] [main/INFO] [GradleStart]: username: Speedynutty68
[17:34:11] [main/INFO] [GradleStart]: Extra: []
[17:34:11] [main/INFO] [GradleStart]: Running with arguments: [--userProperties, {}, --username, Speedynutty68, --tweakClass, cpw.mods.fml.common.launcher.FMLTweaker, --accessToken, {REDACTED}, --assetIndex, 1.7.10, --assetsDir, C:/Users/Nick/.gradle/caches/minecraft/assets, --version, 1.7.10]
[17:34:11] [main/INFO] [LaunchWrapper]: Loading tweak class name cpw.mods.fml.common.launcher.FMLTweaker
[17:34:11] [main/INFO] [LaunchWrapper]: Using primary tweak class name cpw.mods.fml.common.launcher.FMLTweaker
[17:34:11] [main/INFO] [LaunchWrapper]: Calling tweak class cpw.mods.fml.common.launcher.FMLTweaker
[17:35:54] [main/INFO] [GradleStart]: username: Speedynutty68
[17:35:54] [main/INFO] [GradleStart]: Extra: []
[17:35:54] [main/INFO] [GradleStart]: Running with arguments: [--userProperties, {}, --username, Speedynutty68, --tweakClass, cpw.mods.fml.common.launcher.FMLTweaker, --accessToken, {REDACTED}, --assetIndex, 1.7.10, --assetsDir, C:/Users/Nick/.gradle/caches/minecraft/assets, --version, 1.7.10]
[17:35:54] [main/INFO] [LaunchWrapper]: Loading tweak class name cpw.mods.fml.common.launcher.FMLTweaker
[17:35:54] [main/INFO] [LaunchWrapper]: Using primary tweak class name cpw.mods.fml.common.launcher.FMLTweaker
[17:35:54] [main/INFO] [LaunchWrapper]: Calling tweak class cpw.mods.fml.common.launcher.FMLTweaker
[17:39:06] [main/INFO] [GradleStart]: username: Speedynutty68
[17:39:06] [main/INFO] [GradleStart]: Extra: []
[17:39:06] [main/INFO] [GradleStart]: Running with arguments: [--userProperties, {}, --username, Speedynutty68, --tweakClass, cpw.mods.fml.common.launcher.FMLTweaker, --accessToken, {REDACTED}, --assetIndex, 1.7.10, --assetsDir, C:/Users/Nick/.gradle/caches/minecraft/assets, --version, 1.7.10]
[17:39:06] [main/INFO] [LaunchWrapper]: Loading tweak class name cpw.mods.fml.common.launcher.FMLTweaker
[17:39:06] [main/INFO] [LaunchWrapper]: Using primary tweak class name cpw.mods.fml.common.launcher.FMLTweaker
[17:39:06] [main/INFO] [LaunchWrapper]: Calling tweak class cpw.mods.fml.common.launcher.FMLTweaker
[17:40:25] [main/INFO] [GradleStart]: username: Speedynutty68
[17:40:25] [main/INFO] [GradleStart]: Extra: []
[17:40:25] [main/INFO] [GradleStart]: Running with arguments: [--userProperties, {}, --username, Speedynutty68, --tweakClass, cpw.mods.fml.common.launcher.FMLTweaker, --accessToken, {REDACTED}, --assetIndex, 1.7.10, --assetsDir, C:/Users/Nick/.gradle/caches/minecraft/assets, --version, 1.7.10]
[17:40:25] [main/INFO] [LaunchWrapper]: Loading tweak class name cpw.mods.fml.common.launcher.FMLTweaker
[17:40:25] [main/INFO] [LaunchWrapper]: Using primary tweak class name cpw.mods.fml.common.launcher.FMLTweaker
[17:40:25] [main/INFO] [LaunchWrapper]: Calling tweak class cpw.mods.fml.common.launcher.FMLTweaker
[17:43:41] [main/INFO] [GradleStart]: username: Speedynutty68
[17:43:41] [main/INFO] [GradleStart]: Extra: []
[17:43:41] [main/INFO] [GradleStart]: Running with arguments: [--userProperties, {}, --username, Speedynutty68, --tweakClass, cpw.mods.fml.common.launcher.FMLTweaker, --accessToken, {REDACTED}, --assetIndex, 1.7.10, --assetsDir, C:/Users/Nick/.gradle/caches/minecraft/assets, --version, 1.7.10]
[17:43:41] [main/INFO] [LaunchWrapper]: Loading tweak class name cpw.mods.fml.common.launcher.FMLTweaker
[17:43:41] [main/INFO] [LaunchWrapper]: Using primary tweak class name cpw.mods.fml.common.launcher.FMLTweaker
[17:43:41] [main/INFO] [LaunchWrapper]: Calling tweak class cpw.mods.fml.common.launcher.FMLTweaker
[17:45:04] [main/INFO] [GradleStart]: username: Speedynutty68
[17:45:04] [main/INFO] [GradleStart]: Extra: []
[17:45:04] [main/INFO] [GradleStart]: Running with arguments: [--userProperties, {}, --username, Speedynutty68, --tweakClass, cpw.mods.fml.common.launcher.FMLTweaker, --accessToken, {REDACTED}, --assetIndex, 1.7.10, --assetsDir, C:/Users/Nick/.gradle/caches/minecraft/assets, --version, 1.7.10]
[17:45:04] [main/INFO] [LaunchWrapper]: Loading tweak class name cpw.mods.fml.common.launcher.FMLTweaker
[17:45:04] [main/INFO] [LaunchWrapper]: Using primary tweak class name cpw.mods.fml.common.launcher.FMLTweaker
[17:45:04] [main/INFO] [LaunchWrapper]: Calling tweak class cpw.mods.fml.common.launcher.FMLTweaker
