[16:36:14] [main/INFO]: Setting user: ForgeDevName
[16:36:16] [Client thread/INFO]: LWJGL Version: 2.9.1
[16:36:26] [Client thread/INFO]: Reloading ResourceManager: Default, FMLFileResourcePack:Forge Mod Loader, FMLFileResourcePack:Minecraft Forge, FMLFileResourcePack:Omni Router
[16:36:26] [Client thread/WARN]: ResourcePack: ignored non-lowercase namespace: %s in %s
[16:36:27] [Sound Library Loader/INFO]: Sound engine started
[16:36:30] [Client thread/INFO]: Created: 512x256 textures/blocks-atlas
[16:36:30] [Client thread/ERROR]: Using missing texture, unable to load omnirouter:textures/items/simpleRouter.png
java.io.FileNotFoundException: omnirouter:textures/items/simpleRouter.png
	at net.minecraft.client.resources.SimpleReloadableResourceManager.getResource(SimpleReloadableResourceManager.java:71) ~[SimpleReloadableResourceManager.class:?]
	at net.minecraft.client.renderer.texture.TextureMap.loadTextureAtlas(TextureMap.java:126) [TextureMap.class:?]
	at net.minecraft.client.renderer.texture.TextureMap.loadTexture(TextureMap.java:91) [TextureMap.class:?]
	at net.minecraft.client.renderer.texture.TextureManager.loadTexture(TextureManager.java:89) [TextureManager.class:?]
	at net.minecraft.client.renderer.texture.TextureManager.loadTickableTexture(TextureManager.java:71) [TextureManager.class:?]
	at net.minecraft.client.renderer.texture.TextureManager.loadTextureMap(TextureManager.java:58) [TextureManager.class:?]
	at net.minecraft.client.Minecraft.startGame(Minecraft.java:593) [Minecraft.class:?]
	at net.minecraft.client.Minecraft.run(Minecraft.java:941) [Minecraft.class:?]
	at net.minecraft.client.main.Main.main(Main.java:164) [Main.class:?]
	at sun.reflect.NativeMethodAccessorImpl.invoke0(Native Method) ~[?:1.6.0_45]
	at sun.reflect.NativeMethodAccessorImpl.invoke(NativeMethodAccessorImpl.java:39) ~[?:1.6.0_45]
	at sun.reflect.DelegatingMethodAccessorImpl.invoke(DelegatingMethodAccessorImpl.java:25) ~[?:1.6.0_45]
	at java.lang.reflect.Method.invoke(Method.java:597) ~[?:1.6.0_45]
	at net.minecraft.launchwrapper.Launch.launch(Launch.java:134) [launchwrapper-1.9.jar:?]
	at net.minecraft.launchwrapper.Launch.main(Launch.java:28) [launchwrapper-1.9.jar:?]
	at sun.reflect.NativeMethodAccessorImpl.invoke0(Native Method) ~[?:1.6.0_45]
	at sun.reflect.NativeMethodAccessorImpl.invoke(NativeMethodAccessorImpl.java:39) ~[?:1.6.0_45]
	at sun.reflect.DelegatingMethodAccessorImpl.invoke(DelegatingMethodAccessorImpl.java:25) ~[?:1.6.0_45]
	at java.lang.reflect.Method.invoke(Method.java:597) ~[?:1.6.0_45]
	at GradleStart.bounce(GradleStart.java:108) [start/:?]
	at GradleStart.startClient(GradleStart.java:101) [start/:?]
	at GradleStart.main(GradleStart.java:66) [start/:?]
	at sun.reflect.NativeMethodAccessorImpl.invoke0(Native Method) ~[?:1.6.0_45]
	at sun.reflect.NativeMethodAccessorImpl.invoke(NativeMethodAccessorImpl.java:39) ~[?:1.6.0_45]
	at sun.reflect.DelegatingMethodAccessorImpl.invoke(DelegatingMethodAccessorImpl.java:25) ~[?:1.6.0_45]
	at java.lang.reflect.Method.invoke(Method.java:597) ~[?:1.6.0_45]
	at com.intellij.rt.execution.application.AppMain.main(AppMain.java:134) [idea_rt.jar:?]
[16:36:30] [Client thread/INFO]: Created: 256x256 textures/items-atlas
[16:36:30] [Client thread/INFO]: Reloading ResourceManager: Default, FMLFileResourcePack:Forge Mod Loader, FMLFileResourcePack:Minecraft Forge, FMLFileResourcePack:Omni Router
[16:36:30] [Client thread/WARN]: ResourcePack: ignored non-lowercase namespace: %s in %s
[16:36:31] [Client thread/ERROR]: Using missing texture, unable to load omnirouter:textures/items/simpleRouter.png
java.io.FileNotFoundException: omnirouter:textures/items/simpleRouter.png
	at net.minecraft.client.resources.SimpleReloadableResourceManager.getResource(SimpleReloadableResourceManager.java:71) ~[SimpleReloadableResourceManager.class:?]
	at net.minecraft.client.renderer.texture.TextureMap.loadTextureAtlas(TextureMap.java:126) [TextureMap.class:?]
	at net.minecraft.client.renderer.texture.TextureMap.loadTexture(TextureMap.java:91) [TextureMap.class:?]
	at net.minecraft.client.renderer.texture.TextureManager.loadTexture(TextureManager.java:89) [TextureManager.class:?]
	at net.minecraft.client.renderer.texture.TextureManager.onResourceManagerReload(TextureManager.java:170) [TextureManager.class:?]
	at net.minecraft.client.resources.SimpleReloadableResourceManager.notifyReloadListeners(SimpleReloadableResourceManager.java:134) [SimpleReloadableResourceManager.class:?]
	at net.minecraft.client.resources.SimpleReloadableResourceManager.reloadResources(SimpleReloadableResourceManager.java:118) [SimpleReloadableResourceManager.class:?]
	at net.minecraft.client.Minecraft.refreshResources(Minecraft.java:653) [Minecraft.class:?]
	at cpw.mods.fml.client.FMLClientHandler.finishMinecraftLoading(FMLClientHandler.java:303) [FMLClientHandler.class:?]
	at net.minecraft.client.Minecraft.startGame(Minecraft.java:596) [Minecraft.class:?]
	at net.minecraft.client.Minecraft.run(Minecraft.java:941) [Minecraft.class:?]
	at net.minecraft.client.main.Main.main(Main.java:164) [Main.class:?]
	at sun.reflect.NativeMethodAccessorImpl.invoke0(Native Method) ~[?:1.6.0_45]
	at sun.reflect.NativeMethodAccessorImpl.invoke(NativeMethodAccessorImpl.java:39) ~[?:1.6.0_45]
	at sun.reflect.DelegatingMethodAccessorImpl.invoke(DelegatingMethodAccessorImpl.java:25) ~[?:1.6.0_45]
	at java.lang.reflect.Method.invoke(Method.java:597) ~[?:1.6.0_45]
	at net.minecraft.launchwrapper.Launch.launch(Launch.java:134) [launchwrapper-1.9.jar:?]
	at net.minecraft.launchwrapper.Launch.main(Launch.java:28) [launchwrapper-1.9.jar:?]
	at sun.reflect.NativeMethodAccessorImpl.invoke0(Native Method) ~[?:1.6.0_45]
	at sun.reflect.NativeMethodAccessorImpl.invoke(NativeMethodAccessorImpl.java:39) ~[?:1.6.0_45]
	at sun.reflect.DelegatingMethodAccessorImpl.invoke(DelegatingMethodAccessorImpl.java:25) ~[?:1.6.0_45]
	at java.lang.reflect.Method.invoke(Method.java:597) ~[?:1.6.0_45]
	at GradleStart.bounce(GradleStart.java:108) [start/:?]
	at GradleStart.startClient(GradleStart.java:101) [start/:?]
	at GradleStart.main(GradleStart.java:66) [start/:?]
	at sun.reflect.NativeMethodAccessorImpl.invoke0(Native Method) ~[?:1.6.0_45]
	at sun.reflect.NativeMethodAccessorImpl.invoke(NativeMethodAccessorImpl.java:39) ~[?:1.6.0_45]
	at sun.reflect.DelegatingMethodAccessorImpl.invoke(DelegatingMethodAccessorImpl.java:25) ~[?:1.6.0_45]
	at java.lang.reflect.Method.invoke(Method.java:597) ~[?:1.6.0_45]
	at com.intellij.rt.execution.application.AppMain.main(AppMain.java:134) [idea_rt.jar:?]
[16:36:31] [Client thread/INFO]: Created: 256x256 textures/items-atlas
[16:36:31] [Client thread/INFO]: Created: 512x256 textures/blocks-atlas
[16:36:32] [Sound Library Loader/INFO]: Sound engine started
[16:36:47] [Server thread/INFO]: Starting integrated minecraft server version 1.7.10
[16:36:47] [Server thread/INFO]: Generating keypair
[16:36:48] [Server thread/INFO]: Preparing start region for level 0
[16:36:49] [Server thread/INFO]: Preparing spawn area: 85%
[16:36:49] [Server thread/INFO]: Changing view distance to 3, from 10
[16:36:50] [Server thread/INFO]: ForgeDevName[local:E:aaec533a] logged in with entity id 124 at (-36.5, 4.0, 228.5)
[16:36:50] [Server thread/INFO]: ForgeDevName joined the game
[16:36:58] [Server thread/INFO]: Saving and pausing game...
[16:36:58] [Server thread/INFO]: Saving chunks for level 'New World'/Overworld
[16:36:58] [Server thread/INFO]: Saving chunks for level 'New World'/Nether
[16:36:58] [Server thread/INFO]: Saving chunks for level 'New World'/The End
[16:37:05] [Client thread/INFO]: [CHAT] commandBlockOutput, doDaylightCycle, doFireTick, doMobLoot, doMobSpawning, doTileDrops, keepInventory, mobGriefing, naturalRegeneration
[16:37:05] [Client thread/INFO]: [CHAT] commandBlockOutput, doDaylightCycle, doFireTick, doMobLoot, doMobSpawning, doTileDrops, keepInventory, mobGriefing, naturalRegeneration
[16:37:07] [Server thread/INFO]: [ForgeDevName: Game rule has been updated]
[16:37:07] [Client thread/INFO]: [CHAT] Game rule has been updated
[16:37:11] [Server thread/INFO]: [ForgeDevName: Set the time to 6000]
[16:37:11] [Client thread/INFO]: [CHAT] Set the time to 6000
[16:37:13] [Server thread/INFO]: Saving and pausing game...
[16:37:13] [Server thread/INFO]: Saving chunks for level 'New World'/Overworld
[16:37:13] [Server thread/INFO]: Saving chunks for level 'New World'/Nether
[16:37:13] [Server thread/INFO]: Saving chunks for level 'New World'/The End
[16:37:14] [Server thread/INFO]: Stopping server
[16:37:14] [Server thread/INFO]: Saving players
[16:37:14] [Server thread/INFO]: Saving worlds
[16:37:14] [Server thread/INFO]: Saving chunks for level 'New World'/Overworld
[16:37:14] [Server thread/INFO]: Saving chunks for level 'New World'/Nether
[16:37:14] [Server thread/INFO]: Saving chunks for level 'New World'/The End
[16:37:15] [Client thread/INFO]: Stopping!
